

HI-TECH Software PIC LITE Macro Assembler V9.83 build 10920 
                                                                                               Sat Apr 20 17:32:49 2013

HI-TECH Software Omniscient Code Generator (Lite mode) build 10920
     1  0000                     opt subtitle "HI-TECH Software Omniscient Code Generator (Lite mode) build 10920"
     2                           
     3                           opt pagewidth 120
     4                           
     5                           	opt lm
     6                           
     7                           	processor	16F877A
     8                           clrc	macro
     9                           	bcf	3,0
    10  0000                     	endm
    11                           clrz	macro
    12                           	bcf	3,2
    13  0000                     	endm
    14                           setc	macro
    15                           	bsf	3,0
    16  0000                     	endm
    17                           setz	macro
    18                           	bsf	3,2
    19  0000                     	endm
    20                           skipc	macro
    21                           	btfss	3,0
    22  0000                     	endm
    23                           skipz	macro
    24                           	btfss	3,2
    25  0000                     	endm
    26                           skipnc	macro
    27                           	btfsc	3,0
    28  0000                     	endm
    29                           skipnz	macro
    30                           	btfsc	3,2
    31  0000                     	endm
    32  0000                     indf	equ	0
    33  0000                     indf0	equ	0
    34  0002                     pc	equ	2
    35  0002                     pcl	equ	2
    36  0003                     status	equ	3
    37  0004                     fsr	equ	4
    38  0004                     fsr0	equ	4
    39  0001                     c	equ	1
    40  0000                     z	equ	0
    41  000A                     pclath	equ	10
    42                           # 31 "E:\Cytron SVN\PTK40A (PIC Training Kit)\Source Code\Examples\Example 10\Main E_10.
                                 c"
    43                           	psect config,class=CONFIG,delta=2 ;#
    44                           # 31 "E:\Cytron SVN\PTK40A (PIC Training Kit)\Source Code\Examples\Example 10\Main E_10.
                                 c"
    45  2007  FF32               	dw 0xFFFE & 0xFFFB & 0xFFF7 & 0xFFBF & 0xFF7F ;#
    46                           	FNCALL	_main,_adc_initialize
    47                           	FNCALL	_main,_beep
    48                           	FNCALL	_main,_adc_on
    49                           	FNCALL	_main,_ui_adc_read
    50                           	FNCALL	_main,_delay_10us
    51                           	FNCALL	_main,_delay_ms
    52                           	FNCALL	_beep,_delay_ms
    53                           	FNROOT	_main
    54                           	global	_ADRESH
    55                           psect	text126,local,class=CODE,delta=2
    56                           global __ptext126
    57  0000                     __ptext126:
    58  001E                     _ADRESH	set	30
    59                           	global	_PORTA
    60  0005                     _PORTA	set	5
    61                           	global	_PORTB
    62  0006                     _PORTB	set	6
    63                           	global	_PORTC
    64  0007                     _PORTC	set	7
    65                           	global	_PORTD
    66  0008                     _PORTD	set	8
    67                           	global	_PORTE
    68  0009                     _PORTE	set	9
    69                           	global	_ADCS0
    70  00FE                     _ADCS0	set	254
    71                           	global	_ADCS1
    72  00FF                     _ADCS1	set	255
    73                           	global	_ADON
    74  00F8                     _ADON	set	248
    75                           	global	_CARRY
    76  0018                     _CARRY	set	24
    77                           	global	_CHS0
    78  00FB                     _CHS0	set	251
    79                           	global	_CHS1
    80  00FC                     _CHS1	set	252
    81                           	global	_CHS2
    82  00FD                     _CHS2	set	253
    83                           	global	_GIE
    84  005F                     _GIE	set	95
    85                           	global	_GO_DONE
    86  00FA                     _GO_DONE	set	250
    87                           	global	_RC2
    88  003A                     _RC2	set	58
    89                           	global	_RE2
    90  004A                     _RE2	set	74
    91                           	global	_ADRESL
    92  009E                     _ADRESL	set	158
    93                           	global	_TRISA
    94  0085                     _TRISA	set	133
    95                           	global	_TRISB
    96  0086                     _TRISB	set	134
    97                           	global	_TRISC
    98  0087                     _TRISC	set	135
    99                           	global	_TRISD
   100  0088                     _TRISD	set	136
   101                           	global	_TRISE
   102  0089                     _TRISE	set	137
   103                           	global	_ADCS2
   104  04FE                     _ADCS2	set	1278
   105                           	global	_ADFM
   106  04FF                     _ADFM	set	1279
   107                           	global	_PCFG0
   108  04F8                     _PCFG0	set	1272
   109                           	global	_PCFG1
   110  04F9                     _PCFG1	set	1273
   111                           	global	_PCFG2
   112  04FA                     _PCFG2	set	1274
   113                           	global	_PCFG3
   114  04FB                     _PCFG3	set	1275
   115                           	global	_EEADR
   116  010D                     _EEADR	set	269
   117                           	global	_EEDATA
   118  010C                     _EEDATA	set	268
   119                           	global	_EECON1
   120  018C                     _EECON1	set	396
   121                           	global	_EECON2
   122  018D                     _EECON2	set	397
   123                           	global	_RD
   124  0C60                     _RD	set	3168
   125                           	global	_WR
   126  0C61                     _WR	set	3169
   127                           	global	_WREN
   128  0C62                     _WREN	set	3170
   129                           	file	"Example10.as"
   130                           	line	#
   131                           psect cinit,class=CODE,delta=2
   132                           global start_initialization
   133  06FE                     start_initialization:
   134                           
   135                           psect cinit,class=CODE,delta=2
   136                           global end_of_initialization
   137                           
   138                           ;End of C runtime variable initialization code
   139                           
   140  06FE                     end_of_initialization:
   141  06FE  0183               clrf status
   142  06FF  120A  118A  2F99   ljmp _main	;jump to C main() function
   143                           psect	cstackCOMMON,class=COMMON,space=1
   144                           global __pcstackCOMMON
   145  0070                     __pcstackCOMMON:
   146                           	global	?_beep
   147  0070                     ?_beep:	; 0 bytes @ 0x0
   148                           	global	?_delay_10us
   149  0070                     ?_delay_10us:	; 0 bytes @ 0x0
   150                           	global	??_delay_10us
   151  0070                     ??_delay_10us:	; 0 bytes @ 0x0
   152                           	global	?_delay_ms
   153  0070                     ?_delay_ms:	; 0 bytes @ 0x0
   154                           	global	?_adc_initialize
   155  0070                     ?_adc_initialize:	; 0 bytes @ 0x0
   156                           	global	??_adc_initialize
   157  0070                     ??_adc_initialize:	; 0 bytes @ 0x0
   158                           	global	?_adc_on
   159  0070                     ?_adc_on:	; 0 bytes @ 0x0
   160                           	global	??_adc_on
   161  0070                     ??_adc_on:	; 0 bytes @ 0x0
   162                           	global	?_ui_adc_read
   163  0070                     ?_ui_adc_read:	; 2 bytes @ 0x0
   164                           	global	?_main
   165  0070                     ?_main:	; 2 bytes @ 0x0
   166                           	global	delay_ms@ui_value
   167  0070                     delay_ms@ui_value:	; 2 bytes @ 0x0
   168  0070                     	ds	1
   169                           	global	delay_10us@uc_value
   170  0071                     delay_10us@uc_value:	; 1 bytes @ 0x1
   171  0071                     	ds	1
   172                           	global	??_delay_ms
   173  0072                     ??_delay_ms:	; 0 bytes @ 0x2
   174                           	global	??_ui_adc_read
   175  0072                     ??_ui_adc_read:	; 0 bytes @ 0x2
   176  0072                     	ds	2
   177                           	global	??_beep
   178  0074                     ??_beep:	; 0 bytes @ 0x4
   179                           	global	beep@uc_count
   180  0074                     beep@uc_count:	; 1 bytes @ 0x4
   181                           	global	ui_adc_read@temp
   182  0074                     ui_adc_read@temp:	; 2 bytes @ 0x4
   183  0074                     	ds	2
   184                           	global	??_main
   185  0076                     ??_main:	; 0 bytes @ 0x6
   186  0076                     	ds	3
   187                           	global	main@angle
   188  0079                     main@angle:	; 1 bytes @ 0x9
   189  0079                     	ds	1
   190 ;;Data sizes: Strings 0, constant 0, data 0, bss 0, persistent 0 stack 0
   191 ;;Auto spaces:   Size  Autos    Used
   192 ;; COMMON          14     10      10
   193 ;; BANK0           80      0       0
   194 ;; BANK1           80      0       0
   195 ;; BANK3           96      0       0
   196 ;; BANK2           96      0       0
   197                           
   198 ;;
   199 ;; Pointer list with targets:
   200                           
   201 ;; ?_ui_adc_read	unsigned int  size(1) Largest target is 0
   202 ;;
   203                           
   204                           
   205 ;;
   206 ;; Critical Paths under _main in COMMON
   207 ;;
   208 ;;   _main->_ui_adc_read
   209 ;;   _beep->_delay_ms
   210 ;;
   211 ;; Critical Paths under _main in BANK0
   212 ;;
   213 ;;   None.
   214 ;;
   215 ;; Critical Paths under _main in BANK1
   216 ;;
   217 ;;   None.
   218 ;;
   219 ;; Critical Paths under _main in BANK3
   220 ;;
   221 ;;   None.
   222 ;;
   223 ;; Critical Paths under _main in BANK2
   224 ;;
   225 ;;   None.
   226                           
   227 ;;
   228 ;;Main: autosize = 0, tempsize = 3, incstack = 0, save=0
   229 ;;
   230                           
   231 ;;
   232 ;;Call Graph Tables:
   233 ;;
   234 ;; ---------------------------------------------------------------------------------
   235 ;; (Depth) Function   	        Calls       Base Space   Used Autos Params    Refs
   236 ;; ---------------------------------------------------------------------------------
   237 ;; (0) _main                                                 4     4      0     120
   238 ;;                                              6 COMMON     4     4      0
   239 ;;                     _adc_initialize
   240 ;;                               _beep
   241 ;;                             _adc_on
   242 ;;                        _ui_adc_read
   243 ;;                         _delay_10us
   244 ;;                           _delay_ms
   245 ;; ---------------------------------------------------------------------------------
   246 ;; (1) _beep                                                 1     1      0      30
   247 ;;                                              4 COMMON     1     1      0
   248 ;;                           _delay_ms
   249 ;; ---------------------------------------------------------------------------------
   250 ;; (1) _delay_ms                                             4     2      2      15
   251 ;;                                              0 COMMON     4     2      2
   252 ;; ---------------------------------------------------------------------------------
   253 ;; (1) _delay_10us                                           2     2      0      15
   254 ;;                                              0 COMMON     2     2      0
   255 ;; ---------------------------------------------------------------------------------
   256 ;; (1) _ui_adc_read                                          6     4      2      30
   257 ;;                                              0 COMMON     6     4      2
   258 ;; ---------------------------------------------------------------------------------
   259 ;; (1) _adc_on                                               0     0      0       0
   260 ;; ---------------------------------------------------------------------------------
   261 ;; (1) _adc_initialize                                       0     0      0       0
   262 ;; ---------------------------------------------------------------------------------
   263 ;; Estimated maximum stack depth 1
   264 ;; ---------------------------------------------------------------------------------
   265                           
   266 ;; Call Graph Graphs:
   267                           
   268 ;; _main (ROOT)
   269 ;;   _adc_initialize
   270 ;;   _beep
   271 ;;     _delay_ms
   272 ;;   _adc_on
   273 ;;   _ui_adc_read
   274 ;;   _delay_10us
   275 ;;   _delay_ms
   276 ;;
   277                           
   278 ;; Address spaces:
   279                           
   280 ;;Name               Size   Autos  Total    Cost      Usage
   281 ;;BITCOMMON            E      0       0       0        0.0%
   282 ;;EEDATA             100      0       0       0        0.0%
   283 ;;NULL                 0      0       0       0        0.0%
   284 ;;CODE                 0      0       0       0        0.0%
   285 ;;COMMON               E      A       A       1       71.4%
   286 ;;BITSFR0              0      0       0       1        0.0%
   287 ;;SFR0                 0      0       0       1        0.0%
   288 ;;BITSFR1              0      0       0       2        0.0%
   289 ;;SFR1                 0      0       0       2        0.0%
   290 ;;STACK                0      0       2       2        0.0%
   291 ;;ABS                  0      0       0       3        0.0%
   292 ;;BITBANK0            50      0       0       4        0.0%
   293 ;;BITSFR3              0      0       0       4        0.0%
   294 ;;SFR3                 0      0       0       4        0.0%
   295 ;;BANK0               50      0       0       5        0.0%
   296 ;;BITSFR2              0      0       0       5        0.0%
   297 ;;SFR2                 0      0       0       5        0.0%
   298 ;;BITBANK1            50      0       0       6        0.0%
   299 ;;BANK1               50      0       0       7        0.0%
   300 ;;BITBANK3            60      0       0       8        0.0%
   301 ;;BANK3               60      0       0       9        0.0%
   302 ;;BITBANK2            60      0       0      10        0.0%
   303 ;;BANK2               60      0       0      11        0.0%
   304 ;;DATA                 0      0       0      12        0.0%
   305                           
   306                           	global	_main
   307                           psect	maintext,global,class=CODE,delta=2
   308                           global __pmaintext
   309  0799                     __pmaintext:
   310                           
   311 ;; *************** function _main *****************
   312 ;; Defined at:
   313 ;;		line 57 in file "E:\Cytron SVN\PTK40A (PIC Training Kit)\Source Code\Examples\Example 10\Main E_10.c"
   314 ;; Parameters:    Size  Location     Type
   315 ;;		None
   316 ;; Auto vars:     Size  Location     Type
   317 ;;  angle           1    9[COMMON] unsigned char 
   318 ;; Return value:  Size  Location     Type
   319 ;;                  2  1397[COMMON] int 
   320 ;; Registers used:
   321 ;;		wreg, status,2, status,0, btemp+1, pclath, cstack
   322 ;; Tracked objects:
   323 ;;		On entry : 17F/0
   324 ;;		On exit  : 0/0
   325 ;;		Unchanged: 0/0
   326 ;; Data sizes:     COMMON   BANK0   BANK1   BANK3   BANK2
   327 ;;      Params:         0       0       0       0       0
   328 ;;      Locals:         1       0       0       0       0
   329 ;;      Temps:          3       0       0       0       0
   330 ;;      Totals:         4       0       0       0       0
   331 ;;Total ram usage:        4 bytes
   332 ;; Hardware stack levels required when called:    2
   333 ;; This function calls:
   334 ;;		_adc_initialize
   335 ;;		_beep
   336 ;;		_adc_on
   337 ;;		_ui_adc_read
   338 ;;		_delay_10us
   339 ;;		_delay_ms
   340 ;; This function is called by:
   341 ;;		Startup code after reset
   342 ;; This function uses a non-reentrant model
   343 ;;
   344                           psect	maintext
   345                           	file	"E:\Cytron SVN\PTK40A (PIC Training Kit)\Source Code\Examples\Example 10\Main E_10
                                 .c"
   346                           	line	57
   347                           	global	__size_of_main
   348  0067                     	__size_of_main	equ	__end_of_main-_main
   349                           	
   350  0799                     _main:	
   351                           	opt	stack 6
   352                           ; Regs used in _main: [wreg+status,2+status,0+btemp+1+pclath+cstack]
   353                           	line	58
   354                           	
   355  0799                     l3373:	
   356                           ;Main E_10.c: 58: unsigned char angle = 0;
   357  0799  01F9               	clrf	(main@angle)
   358                           	line	60
   359                           	
   360  079A                     l3375:	
   361                           ;Main E_10.c: 60: PORTA = 0;
   362  079A  1283               	bcf	status, 5	;RP0=0, select bank0
   363  079B  1303               	bcf	status, 6	;RP1=0, select bank0
   364  079C  0185               	clrf	(5)	;volatile
   365                           	line	61
   366                           ;Main E_10.c: 61: PORTB = 0;
   367  079D  0186               	clrf	(6)	;volatile
   368                           	line	62
   369                           ;Main E_10.c: 62: PORTC = 0;
   370  079E  0187               	clrf	(7)	;volatile
   371                           	line	63
   372                           ;Main E_10.c: 63: PORTD = 0;
   373  079F  0188               	clrf	(8)	;volatile
   374                           	line	64
   375                           ;Main E_10.c: 64: PORTE = 0;
   376  07A0  0189               	clrf	(9)	;volatile
   377                           	line	70
   378                           	
   379  07A1                     l3377:	
   380                           ;Main E_10.c: 70: TRISA = 0b00010001;
   381  07A1  3011               	movlw	(011h)
   382  07A2  1683               	bsf	status, 5	;RP0=1, select bank1
   383  07A3  1303               	bcf	status, 6	;RP1=0, select bank1
   384  07A4  0085               	movwf	(133)^080h	;volatile
   385                           	line	71
   386                           	
   387  07A5                     l3379:	
   388                           ;Main E_10.c: 71: TRISB = 0b00001111;
   389  07A5  300F               	movlw	(0Fh)
   390  07A6  0086               	movwf	(134)^080h	;volatile
   391                           	line	72
   392                           	
   393  07A7                     l3381:	
   394                           ;Main E_10.c: 72: TRISC = 0b10010011;
   395  07A7  3093               	movlw	(093h)
   396  07A8  0087               	movwf	(135)^080h	;volatile
   397                           	line	73
   398                           	
   399  07A9                     l3383:	
   400                           ;Main E_10.c: 73: TRISD = 0;
   401  07A9  0188               	clrf	(136)^080h	;volatile
   402                           	line	74
   403                           	
   404  07AA                     l3385:	
   405                           ;Main E_10.c: 74: TRISE = 0;
   406  07AA  0189               	clrf	(137)^080h	;volatile
   407                           	line	77
   408                           	
   409  07AB                     l3387:	
   410                           ;Main E_10.c: 77: adc_initialize();
   411  07AB  120A  118A  2702   	fcall	_adc_initialize
              120A  118A         
   412                           	line	79
   413                           	
   414  07B0                     l3389:	
   415                           ;Main E_10.c: 79: beep(2);
   416  07B0  3002               	movlw	(02h)
   417  07B1  120A  118A  2741   	fcall	_beep
              120A  118A         
   418                           	line	87
   419                           	
   420  07B6                     l3391:	
   421                           ;Main E_10.c: 87: adc_on();
   422  07B6  120A  118A  26FA   	fcall	_adc_on
              120A  118A         
   423  07BB  2FBC               	goto	l3393
   424                           	line	90
   425                           ;Main E_10.c: 90: while(1)
   426                           	
   427  07BC                     l1398:	
   428                           	line	92
   429                           	
   430  07BC                     l3393:	
   431                           ;Main E_10.c: 91: {
   432                           ;Main E_10.c: 92: angle = ui_adc_read()>>2;
   433  07BC  120A  118A  2766   	fcall	_ui_adc_read
              120A  118A         
   434  07C1  0870               	movf	(0+?_ui_adc_read),w
   435  07C2  00F6               	movwf	(??_main+0)+0
   436  07C3  0871               	movf	(1+?_ui_adc_read),w
   437  07C4  00F7               	movwf	((??_main+0)+0+1)
   438  07C5  3002               	movlw	02h
   439  07C6                     u2265:
   440  07C6  1003               	clrc
   441  07C7  0CF7               	rrf	(??_main+0)+1,f
   442  07C8  0CF6               	rrf	(??_main+0)+0,f
   443  07C9  3EFF               	addlw	-1
   444  07CA  1D03               	skipz
   445  07CB  2FC6               	goto	u2265
   446  07CC  0876               	movf	0+(??_main+0)+0,w
   447  07CD  00F8               	movwf	(??_main+2)+0
   448  07CE  0878               	movf	(??_main+2)+0,w
   449  07CF  00F9               	movwf	(main@angle)
   450                           	line	94
   451                           	
   452  07D0                     l3395:	
   453                           ;Main E_10.c: 94: RE2 = 1;
   454  07D0  1283               	bcf	status, 5	;RP0=0, select bank0
   455  07D1  1303               	bcf	status, 6	;RP1=0, select bank0
   456  07D2  1509               	bsf	(74/8),(74)&7
   457                           	line	95
   458                           	
   459  07D3                     l3397:	
   460                           ;Main E_10.c: 95: delay_10us(50);
   461  07D3  3032               	movlw	(032h)
   462  07D4  120A  118A  2714   	fcall	_delay_10us
              120A  118A         
   463                           	line	100
   464                           	
   465  07D9                     l3399:	
   466                           ;Main E_10.c: 100: if (angle <= 130)
   467  07D9  3083               	movlw	(083h)
   468  07DA  0279               	subwf	(main@angle),w
   469  07DB  1803               	skipnc
   470  07DC  2FDE               	goto	u2271
   471  07DD  2FDF               	goto	u2270
   472  07DE                     u2271:
   473  07DE  2FE6               	goto	l3403
   474  07DF                     u2270:
   475                           	line	102
   476                           	
   477  07DF                     l3401:	
   478                           ;Main E_10.c: 101: {
   479                           ;Main E_10.c: 102: delay_10us(angle);
   480  07DF  0879               	movf	(main@angle),w
   481  07E0  120A  118A  2714   	fcall	_delay_10us
              120A  118A         
   482                           	line	103
   483                           ;Main E_10.c: 103: }
   484  07E5  2FED               	goto	l3405
   485                           	line	104
   486                           	
   487  07E6                     l1399:	
   488                           	line	105
   489                           	
   490  07E6                     l3403:	
   491                           ;Main E_10.c: 104: else
   492                           ;Main E_10.c: 105: delay_10us(130);
   493  07E6  3082               	movlw	(082h)
   494  07E7  120A  118A  2714   	fcall	_delay_10us
              120A  118A         
   495  07EC  2FED               	goto	l3405
   496                           	
   497  07ED                     l1400:	
   498                           	line	107
   499                           	
   500  07ED                     l3405:	
   501                           ;Main E_10.c: 107: RE2 = 0;
   502  07ED  1283               	bcf	status, 5	;RP0=0, select bank0
   503  07EE  1303               	bcf	status, 6	;RP1=0, select bank0
   504  07EF  1109               	bcf	(74/8),(74)&7
   505                           	line	108
   506                           ;Main E_10.c: 108: delay_ms(18);
   507  07F0  3012               	movlw	low(012h)
   508  07F1  00F0               	movwf	(?_delay_ms)
   509  07F2  3000               	movlw	high(012h)
   510  07F3  00F1               	movwf	((?_delay_ms))+1
   511  07F4  120A  118A  2726   	fcall	_delay_ms
              120A  118A         
   512  07F9  2FBC               	goto	l3393
   513                           	line	109
   514                           	
   515  07FA                     l1401:	
   516                           	line	90
   517  07FA  2FBC               	goto	l3393
   518                           	
   519  07FB                     l1402:	
   520  07FB  2FFC               	goto	l1404
   521                           	line	110
   522                           ;Main E_10.c: 109: }
   523                           ;Main E_10.c: 110: while(1) continue;
   524                           	
   525  07FC                     l1403:	
   526                           	
   527  07FC                     l1404:	
   528  07FC  2FFC               	goto	l1404
   529                           	
   530  07FD                     l1405:	
   531                           	line	111
   532                           	
   533  07FD                     l1406:	
   534                           	global	start
   535  07FD  120A  118A  2800   	ljmp	start
   536                           	opt stack 0
   537                           GLOBAL	__end_of_main
   538  0800                     	__end_of_main:
   539 ;; =============== function _main ends ============
   540                           
   541                           	signat	_main,90
   542                           	global	_beep
   543                           psect	text127,local,class=CODE,delta=2
   544                           global __ptext127
   545  0741                     __ptext127:
   546                           
   547 ;; *************** function _beep *****************
   548 ;; Defined at:
   549 ;;		line 166 in file "E:\Cytron SVN\PTK40A (PIC Training Kit)\Source Code\Examples\Example 10\Main E_10.c"
   550 ;; Parameters:    Size  Location     Type
   551 ;;  uc_count        1    wreg     unsigned char 
   552 ;; Auto vars:     Size  Location     Type
   553 ;;  uc_count        1    4[COMMON] unsigned char 
   554 ;; Return value:  Size  Location     Type
   555 ;;		None               void
   556 ;; Registers used:
   557 ;;		wreg, status,2, status,0, pclath, cstack
   558 ;; Tracked objects:
   559 ;;		On entry : 0/0
   560 ;;		On exit  : 0/0
   561 ;;		Unchanged: 0/0
   562 ;; Data sizes:     COMMON   BANK0   BANK1   BANK3   BANK2
   563 ;;      Params:         0       0       0       0       0
   564 ;;      Locals:         1       0       0       0       0
   565 ;;      Temps:          0       0       0       0       0
   566 ;;      Totals:         1       0       0       0       0
   567 ;;Total ram usage:        1 bytes
   568 ;; Hardware stack levels used:    1
   569 ;; Hardware stack levels required when called:    1
   570 ;; This function calls:
   571 ;;		_delay_ms
   572 ;; This function is called by:
   573 ;;		_main
   574 ;; This function uses a non-reentrant model
   575 ;;
   576                           psect	text127
   577                           	file	"E:\Cytron SVN\PTK40A (PIC Training Kit)\Source Code\Examples\Example 10\Main E_10
                                 .c"
   578                           	line	166
   579                           	global	__size_of_beep
   580  0025                     	__size_of_beep	equ	__end_of_beep-_beep
   581                           	
   582  0741                     _beep:	
   583                           	opt	stack 6
   584                           ; Regs used in _beep: [wreg+status,2+status,0+pclath+cstack]
   585                           ;beep@uc_count stored from wreg
   586  0741  00F4               	movwf	(beep@uc_count)
   587                           	line	167
   588                           	
   589  0742                     l3365:	
   590                           ;Main E_10.c: 167: while (uc_count-- > 0) {
   591  0742  2F5C               	goto	l3371
   592                           	
   593  0743                     l1422:	
   594                           	line	168
   595                           ;Main E_10.c: 168: RC2 = 1;
   596  0743  1283               	bcf	status, 5	;RP0=0, select bank0
   597  0744  1303               	bcf	status, 6	;RP1=0, select bank0
   598  0745  1507               	bsf	(58/8),(58)&7
   599                           	line	169
   600                           	
   601  0746                     l3367:	
   602                           ;Main E_10.c: 169: delay_ms(80);
   603  0746  3050               	movlw	low(050h)
   604  0747  00F0               	movwf	(?_delay_ms)
   605  0748  3000               	movlw	high(050h)
   606  0749  00F1               	movwf	((?_delay_ms))+1
   607  074A  120A  118A  2726   	fcall	_delay_ms
              120A  118A         
   608                           	line	170
   609                           	
   610  074F                     l3369:	
   611                           ;Main E_10.c: 170: RC2 = 0;
   612  074F  1283               	bcf	status, 5	;RP0=0, select bank0
   613  0750  1303               	bcf	status, 6	;RP1=0, select bank0
   614  0751  1107               	bcf	(58/8),(58)&7
   615                           	line	171
   616                           ;Main E_10.c: 171: delay_ms(100);
   617  0752  3064               	movlw	low(064h)
   618  0753  00F0               	movwf	(?_delay_ms)
   619  0754  3000               	movlw	high(064h)
   620  0755  00F1               	movwf	((?_delay_ms))+1
   621  0756  120A  118A  2726   	fcall	_delay_ms
              120A  118A         
   622  075B  2F5C               	goto	l3371
   623                           	line	172
   624                           	
   625  075C                     l1421:	
   626                           	line	167
   627                           	
   628  075C                     l3371:	
   629  075C  3001               	movlw	low(01h)
   630  075D  02F4               	subwf	(beep@uc_count),f
   631  075E  0874               	movf	((beep@uc_count)),w
   632  075F  3AFF               	xorlw	0FFh
   633  0760  1D03               	skipz
   634  0761  2F63               	goto	u2251
   635  0762  2F64               	goto	u2250
   636  0763                     u2251:
   637  0763  2F43               	goto	l1422
   638  0764                     u2250:
   639  0764  2F65               	goto	l1424
   640                           	
   641  0765                     l1423:	
   642                           	line	173
   643                           	
   644  0765                     l1424:	
   645  0765  0008               	return
   646                           	opt stack 0
   647                           GLOBAL	__end_of_beep
   648  0766                     	__end_of_beep:
   649 ;; =============== function _beep ends ============
   650                           
   651                           	signat	_beep,4216
   652                           	global	_delay_ms
   653                           psect	text128,local,class=CODE,delta=2
   654                           global __ptext128
   655  0726                     __ptext128:
   656                           
   657 ;; *************** function _delay_ms *****************
   658 ;; Defined at:
   659 ;;		line 146 in file "E:\Cytron SVN\PTK40A (PIC Training Kit)\Source Code\Examples\Example 10\Main E_10.c"
   660 ;; Parameters:    Size  Location     Type
   661 ;;  ui_value        2    0[COMMON] unsigned int 
   662 ;; Auto vars:     Size  Location     Type
   663 ;;		None
   664 ;; Return value:  Size  Location     Type
   665 ;;		None               void
   666 ;; Registers used:
   667 ;;		wreg
   668 ;; Tracked objects:
   669 ;;		On entry : 0/0
   670 ;;		On exit  : 0/0
   671 ;;		Unchanged: 0/0
   672 ;; Data sizes:     COMMON   BANK0   BANK1   BANK3   BANK2
   673 ;;      Params:         2       0       0       0       0
   674 ;;      Locals:         0       0       0       0       0
   675 ;;      Temps:          2       0       0       0       0
   676 ;;      Totals:         4       0       0       0       0
   677 ;;Total ram usage:        4 bytes
   678 ;; Hardware stack levels used:    1
   679 ;; This function calls:
   680 ;;		Nothing
   681 ;; This function is called by:
   682 ;;		_main
   683 ;;		_beep
   684 ;; This function uses a non-reentrant model
   685 ;;
   686                           psect	text128
   687                           	file	"E:\Cytron SVN\PTK40A (PIC Training Kit)\Source Code\Examples\Example 10\Main E_10
                                 .c"
   688                           	line	146
   689                           	global	__size_of_delay_ms
   690  001B                     	__size_of_delay_ms	equ	__end_of_delay_ms-_delay_ms
   691                           	
   692  0726                     _delay_ms:	
   693                           	opt	stack 7
   694                           ; Regs used in _delay_ms: [wreg]
   695                           	line	147
   696                           	
   697  0726                     l3361:	
   698                           ;Main E_10.c: 147: while (ui_value-- > 0) {
   699  0726  2F2F               	goto	l1415
   700                           	
   701  0727                     l1416:	
   702                           	line	148
   703                           	
   704  0727                     l3363:	
   705                           ;Main E_10.c: 148: _delay((unsigned long)((1)*(20000000/4000.0)));
   706                           	opt asmopt_off
   707  0727  3007               movlw	7
   708  0728  00F3               movwf	((??_delay_ms+0)+0+1),f
   709  0729  307D               	movlw	125
   710  072A  00F2               movwf	((??_delay_ms+0)+0),f
   711  072B                     u2287:
   712  072B  0BF2               	decfsz	((??_delay_ms+0)+0),f
   713  072C  2F2B               	goto	u2287
   714  072D  0BF3               	decfsz	((??_delay_ms+0)+0+1),f
   715  072E  2F2B               	goto	u2287
   716                           opt asmopt_on
   717                           
   718                           	line	149
   719                           	
   720  072F                     l1415:	
   721                           	line	147
   722  072F  3001               	movlw	low(01h)
   723  0730  02F0               	subwf	(delay_ms@ui_value),f
   724  0731  3000               	movlw	high(01h)
   725  0732  1C03               	skipc
   726  0733  03F1               	decf	(delay_ms@ui_value+1),f
   727  0734  02F1               	subwf	(delay_ms@ui_value+1),f
   728  0735  30FF               	movlw	high(0FFFFh)
   729  0736  0671               	xorwf	((delay_ms@ui_value+1)),w
   730  0737  1D03               	skipz
   731  0738  2F3B               	goto	u2245
   732  0739  30FF               	movlw	low(0FFFFh)
   733  073A  0670               	xorwf	((delay_ms@ui_value)),w
   734  073B                     u2245:
   735                           
   736  073B  1D03               	skipz
   737  073C  2F3E               	goto	u2241
   738  073D  2F3F               	goto	u2240
   739  073E                     u2241:
   740  073E  2F27               	goto	l3363
   741  073F                     u2240:
   742  073F  2F40               	goto	l1418
   743                           	
   744  0740                     l1417:	
   745                           	line	150
   746                           	
   747  0740                     l1418:	
   748  0740  0008               	return
   749                           	opt stack 0
   750                           GLOBAL	__end_of_delay_ms
   751  0741                     	__end_of_delay_ms:
   752 ;; =============== function _delay_ms ends ============
   753                           
   754                           	signat	_delay_ms,4216
   755                           	global	_delay_10us
   756                           psect	text129,local,class=CODE,delta=2
   757                           global __ptext129
   758  0714                     __ptext129:
   759                           
   760 ;; *************** function _delay_10us *****************
   761 ;; Defined at:
   762 ;;		line 126 in file "E:\Cytron SVN\PTK40A (PIC Training Kit)\Source Code\Examples\Example 10\Main E_10.c"
   763 ;; Parameters:    Size  Location     Type
   764 ;;  uc_value        1    wreg     unsigned char 
   765 ;; Auto vars:     Size  Location     Type
   766 ;;  uc_value        1    1[COMMON] unsigned char 
   767 ;; Return value:  Size  Location     Type
   768 ;;		None               void
   769 ;; Registers used:
   770 ;;		wreg, status,2, status,0
   771 ;; Tracked objects:
   772 ;;		On entry : 0/0
   773 ;;		On exit  : 0/0
   774 ;;		Unchanged: 0/0
   775 ;; Data sizes:     COMMON   BANK0   BANK1   BANK3   BANK2
   776 ;;      Params:         0       0       0       0       0
   777 ;;      Locals:         1       0       0       0       0
   778 ;;      Temps:          1       0       0       0       0
   779 ;;      Totals:         2       0       0       0       0
   780 ;;Total ram usage:        2 bytes
   781 ;; Hardware stack levels used:    1
   782 ;; This function calls:
   783 ;;		Nothing
   784 ;; This function is called by:
   785 ;;		_main
   786 ;; This function uses a non-reentrant model
   787 ;;
   788                           psect	text129
   789                           	file	"E:\Cytron SVN\PTK40A (PIC Training Kit)\Source Code\Examples\Example 10\Main E_10
                                 .c"
   790                           	line	126
   791                           	global	__size_of_delay_10us
   792  0012                     	__size_of_delay_10us	equ	__end_of_delay_10us-_delay_10us
   793                           	
   794  0714                     _delay_10us:	
   795                           	opt	stack 7
   796                           ; Regs used in _delay_10us: [wreg+status,2+status,0]
   797                           ;delay_10us@uc_value stored from wreg
   798  0714  00F1               	movwf	(delay_10us@uc_value)
   799                           	line	127
   800                           	
   801  0715                     l3355:	
   802                           ;Main E_10.c: 127: while (uc_value-- > 0) {
   803  0715  2F1C               	goto	l3359
   804                           	
   805  0716                     l1410:	
   806                           	line	128
   807                           	
   808  0716                     l3357:	
   809                           ;Main E_10.c: 128: _delay((unsigned long)((10)*(20000000/4000000.0)));
   810                           	opt asmopt_off
   811  0716  3010               movlw	16
   812  0717  00F0               movwf	(??_delay_10us+0)+0,f
   813  0718                     u2297:
   814  0718  0BF0               decfsz	(??_delay_10us+0)+0,f
   815  0719  2F18               	goto	u2297
   816  071A  0064               	clrwdt
   817                           opt asmopt_on
   818                           
   819  071B  2F1C               	goto	l3359
   820                           	line	129
   821                           	
   822  071C                     l1409:	
   823                           	line	127
   824                           	
   825  071C                     l3359:	
   826  071C  3001               	movlw	low(01h)
   827  071D  02F1               	subwf	(delay_10us@uc_value),f
   828  071E  0871               	movf	((delay_10us@uc_value)),w
   829  071F  3AFF               	xorlw	0FFh
   830  0720  1D03               	skipz
   831  0721  2F23               	goto	u2231
   832  0722  2F24               	goto	u2230
   833  0723                     u2231:
   834  0723  2F16               	goto	l3357
   835  0724                     u2230:
   836  0724  2F25               	goto	l1412
   837                           	
   838  0725                     l1411:	
   839                           	line	130
   840                           	
   841  0725                     l1412:	
   842  0725  0008               	return
   843                           	opt stack 0
   844                           GLOBAL	__end_of_delay_10us
   845  0726                     	__end_of_delay_10us:
   846 ;; =============== function _delay_10us ends ============
   847                           
   848                           	signat	_delay_10us,4216
   849                           	global	_ui_adc_read
   850                           psect	text130,local,class=CODE,delta=2
   851                           global __ptext130
   852  0766                     __ptext130:
   853                           
   854 ;; *************** function _ui_adc_read *****************
   855 ;; Defined at:
   856 ;;		line 104 in file "E:\Cytron SVN\PTK40A (PIC Training Kit)\Source Code\Examples\Example 10\adc.c"
   857 ;; Parameters:    Size  Location     Type
   858 ;;		None
   859 ;; Auto vars:     Size  Location     Type
   860 ;;  temp            2    4[COMMON] unsigned int 
   861 ;; Return value:  Size  Location     Type
   862 ;;                  2    0[COMMON] unsigned int 
   863 ;; Registers used:
   864 ;;		wreg, status,2, status,0, btemp+1
   865 ;; Tracked objects:
   866 ;;		On entry : 0/0
   867 ;;		On exit  : 0/0
   868 ;;		Unchanged: 0/0
   869 ;; Data sizes:     COMMON   BANK0   BANK1   BANK3   BANK2
   870 ;;      Params:         2       0       0       0       0
   871 ;;      Locals:         2       0       0       0       0
   872 ;;      Temps:          2       0       0       0       0
   873 ;;      Totals:         6       0       0       0       0
   874 ;;Total ram usage:        6 bytes
   875 ;; Hardware stack levels used:    1
   876 ;; This function calls:
   877 ;;		Nothing
   878 ;; This function is called by:
   879 ;;		_main
   880 ;; This function uses a non-reentrant model
   881 ;;
   882                           psect	text130
   883                           	file	"E:\Cytron SVN\PTK40A (PIC Training Kit)\Source Code\Examples\Example 10\adc.c"
   884                           	line	104
   885                           	global	__size_of_ui_adc_read
   886  0033                     	__size_of_ui_adc_read	equ	__end_of_ui_adc_read-_ui_adc_read
   887                           	
   888  0766                     _ui_adc_read:	
   889                           	opt	stack 7
   890                           ; Regs used in _ui_adc_read: [wreg+status,2+status,0+btemp+1]
   891                           	line	105
   892                           	
   893  0766                     l3335:	
   894                           ;adc.c: 105: unsigned int temp = 0;
   895  0766  01F4               	clrf	(ui_adc_read@temp)
   896  0767  01F5               	clrf	(ui_adc_read@temp+1)
   897                           	line	107
   898                           	
   899  0768                     l3337:	
   900                           ;adc.c: 107: CHS2 = 0;
   901  0768  1283               	bcf	status, 5	;RP0=0, select bank0
   902  0769  1303               	bcf	status, 6	;RP1=0, select bank0
   903  076A  129F               	bcf	(253/8),(253)&7
   904                           	line	108
   905                           	
   906  076B                     l3339:	
   907                           ;adc.c: 108: CHS1 = 0;
   908  076B  121F               	bcf	(252/8),(252)&7
   909                           	line	109
   910                           	
   911  076C                     l3341:	
   912                           ;adc.c: 109: CHS0 = 0;
   913  076C  119F               	bcf	(251/8),(251)&7
   914                           	line	112
   915                           	
   916  076D                     l3343:	
   917                           ;adc.c: 112: _delay((unsigned long)((1)*(20000000/4000.0)));
   918                           	opt asmopt_off
   919  076D  3007               movlw	7
   920  076E  00F3               movwf	((??_ui_adc_read+0)+0+1),f
   921  076F  307D               	movlw	125
   922  0770  00F2               movwf	((??_ui_adc_read+0)+0),f
   923  0771                     u2307:
   924  0771  0BF2               	decfsz	((??_ui_adc_read+0)+0),f
   925  0772  2F71               	goto	u2307
   926  0773  0BF3               	decfsz	((??_ui_adc_read+0)+0+1),f
   927  0774  2F71               	goto	u2307
   928                           opt asmopt_on
   929                           
   930                           	line	119
   931                           	
   932  0775                     l3345:	
   933                           ;adc.c: 119: GO_DONE = 1;
   934  0775  1283               	bcf	status, 5	;RP0=0, select bank0
   935  0776  1303               	bcf	status, 6	;RP1=0, select bank0
   936  0777  151F               	bsf	(250/8),(250)&7
   937                           	line	120
   938                           ;adc.c: 120: while (GO_DONE == 1);
   939  0778  2F79               	goto	l696
   940                           	
   941  0779                     l697:	
   942                           	
   943  0779                     l696:	
   944  0779  191F               	btfsc	(250/8),(250)&7
   945  077A  2F7C               	goto	u2221
   946  077B  2F7D               	goto	u2220
   947  077C                     u2221:
   948  077C  2F79               	goto	l696
   949  077D                     u2220:
   950  077D  2F7E               	goto	l3347
   951                           	
   952  077E                     l698:	
   953                           	line	124
   954                           	
   955  077E                     l3347:	
   956                           ;adc.c: 124: temp = (unsigned int)ADRESH << 8;
   957  077E  081E               	movf	(30),w	;volatile
   958  077F  00F2               	movwf	(??_ui_adc_read+0)+0
   959  0780  01F3               	clrf	(??_ui_adc_read+0)+0+1
   960  0781  0872               	movf	(??_ui_adc_read+0)+0,w
   961  0782  00F3               	movwf	(??_ui_adc_read+0)+1
   962  0783  01F2               	clrf	(??_ui_adc_read+0)+0
   963  0784  0872               	movf	0+(??_ui_adc_read+0)+0,w
   964  0785  00F4               	movwf	(ui_adc_read@temp)
   965  0786  0873               	movf	1+(??_ui_adc_read+0)+0,w
   966  0787  00F5               	movwf	(ui_adc_read@temp+1)
   967                           	line	125
   968                           	
   969  0788                     l3349:	
   970                           ;adc.c: 125: temp = temp + ADRESL;
   971  0788  1683               	bsf	status, 5	;RP0=1, select bank1
   972  0789  1303               	bcf	status, 6	;RP1=0, select bank1
   973  078A  081E               	movf	(158)^080h,w	;volatile
   974  078B  0774               	addwf	(ui_adc_read@temp),w
   975  078C  00F4               	movwf	(ui_adc_read@temp)
   976  078D  0875               	movf	(ui_adc_read@temp+1),w
   977  078E  1803               	skipnc
   978  078F  0A75               	incf	(ui_adc_read@temp+1),w
   979  0790  00F5               	movwf	((ui_adc_read@temp))+1
   980                           	line	126
   981                           	
   982  0791                     l3351:	
   983                           ;adc.c: 126: return temp;
   984  0791  0875               	movf	(ui_adc_read@temp+1),w
   985  0792  01F1               	clrf	(?_ui_adc_read+1)
   986  0793  07F1               	addwf	(?_ui_adc_read+1)
   987  0794  0874               	movf	(ui_adc_read@temp),w
   988  0795  01F0               	clrf	(?_ui_adc_read)
   989  0796  07F0               	addwf	(?_ui_adc_read)
   990                           
   991  0797  2F98               	goto	l699
   992                           	
   993  0798                     l3353:	
   994                           	line	127
   995                           	
   996  0798                     l699:	
   997  0798  0008               	return
   998                           	opt stack 0
   999                           GLOBAL	__end_of_ui_adc_read
  1000  0799                     	__end_of_ui_adc_read:
  1001 ;; =============== function _ui_adc_read ends ============
  1002                           
  1003                           	signat	_ui_adc_read,90
  1004                           	global	_adc_on
  1005                           psect	text131,local,class=CODE,delta=2
  1006                           global __ptext131
  1007  06FA                     __ptext131:
  1008                           
  1009 ;; *************** function _adc_on *****************
  1010 ;; Defined at:
  1011 ;;		line 61 in file "E:\Cytron SVN\PTK40A (PIC Training Kit)\Source Code\Examples\Example 10\adc.c"
  1012 ;; Parameters:    Size  Location     Type
  1013 ;;		None
  1014 ;; Auto vars:     Size  Location     Type
  1015 ;;		None
  1016 ;; Return value:  Size  Location     Type
  1017 ;;		None               void
  1018 ;; Registers used:
  1019 ;;		None
  1020 ;; Tracked objects:
  1021 ;;		On entry : 0/0
  1022 ;;		On exit  : 0/0
  1023 ;;		Unchanged: 0/0
  1024 ;; Data sizes:     COMMON   BANK0   BANK1   BANK3   BANK2
  1025 ;;      Params:         0       0       0       0       0
  1026 ;;      Locals:         0       0       0       0       0
  1027 ;;      Temps:          0       0       0       0       0
  1028 ;;      Totals:         0       0       0       0       0
  1029 ;;Total ram usage:        0 bytes
  1030 ;; Hardware stack levels used:    1
  1031 ;; This function calls:
  1032 ;;		Nothing
  1033 ;; This function is called by:
  1034 ;;		_main
  1035 ;; This function uses a non-reentrant model
  1036 ;;
  1037                           psect	text131
  1038                           	file	"E:\Cytron SVN\PTK40A (PIC Training Kit)\Source Code\Examples\Example 10\adc.c"
  1039                           	line	61
  1040                           	global	__size_of_adc_on
  1041  0004                     	__size_of_adc_on	equ	__end_of_adc_on-_adc_on
  1042                           	
  1043  06FA                     _adc_on:	
  1044                           	opt	stack 7
  1045                           ; Regs used in _adc_on: []
  1046                           	line	63
  1047                           	
  1048  06FA                     l2473:	
  1049                           ;adc.c: 63: ADON = 1;
  1050  06FA  1283               	bcf	status, 5	;RP0=0, select bank0
  1051  06FB  1303               	bcf	status, 6	;RP1=0, select bank0
  1052  06FC  141F               	bsf	(248/8),(248)&7
  1053                           	line	64
  1054                           	
  1055  06FD                     l690:	
  1056  06FD  0008               	return
  1057                           	opt stack 0
  1058                           GLOBAL	__end_of_adc_on
  1059  06FE                     	__end_of_adc_on:
  1060 ;; =============== function _adc_on ends ============
  1061                           
  1062                           	signat	_adc_on,88
  1063                           	global	_adc_initialize
  1064                           psect	text132,local,class=CODE,delta=2
  1065                           global __ptext132
  1066  0702                     __ptext132:
  1067                           
  1068 ;; *************** function _adc_initialize *****************
  1069 ;; Defined at:
  1070 ;;		line 27 in file "E:\Cytron SVN\PTK40A (PIC Training Kit)\Source Code\Examples\Example 10\adc.c"
  1071 ;; Parameters:    Size  Location     Type
  1072 ;;		None
  1073 ;; Auto vars:     Size  Location     Type
  1074 ;;		None
  1075 ;; Return value:  Size  Location     Type
  1076 ;;		None               void
  1077 ;; Registers used:
  1078 ;;		None
  1079 ;; Tracked objects:
  1080 ;;		On entry : 0/0
  1081 ;;		On exit  : 0/0
  1082 ;;		Unchanged: 0/0
  1083 ;; Data sizes:     COMMON   BANK0   BANK1   BANK3   BANK2
  1084 ;;      Params:         0       0       0       0       0
  1085 ;;      Locals:         0       0       0       0       0
  1086 ;;      Temps:          0       0       0       0       0
  1087 ;;      Totals:         0       0       0       0       0
  1088 ;;Total ram usage:        0 bytes
  1089 ;; Hardware stack levels used:    1
  1090 ;; This function calls:
  1091 ;;		Nothing
  1092 ;; This function is called by:
  1093 ;;		_main
  1094 ;; This function uses a non-reentrant model
  1095 ;;
  1096                           psect	text132
  1097                           	file	"E:\Cytron SVN\PTK40A (PIC Training Kit)\Source Code\Examples\Example 10\adc.c"
  1098                           	line	27
  1099                           	global	__size_of_adc_initialize
  1100  0012                     	__size_of_adc_initialize	equ	__end_of_adc_initialize-_adc_initialize
  1101                           	
  1102  0702                     _adc_initialize:	
  1103                           	opt	stack 7
  1104                           ; Regs used in _adc_initialize: []
  1105                           	line	29
  1106                           	
  1107  0702                     l2471:	
  1108                           ;adc.c: 29: ADCS2 = 1;
  1109  0702  1683               	bsf	status, 5	;RP0=1, select bank1
  1110  0703  1303               	bcf	status, 6	;RP1=0, select bank1
  1111  0704  171F               	bsf	(1278/8)^080h,(1278)&7
  1112                           	line	30
  1113                           ;adc.c: 30: ADCS1 = 1;
  1114  0705  1283               	bcf	status, 5	;RP0=0, select bank0
  1115  0706  1303               	bcf	status, 6	;RP1=0, select bank0
  1116  0707  179F               	bsf	(255/8),(255)&7
  1117                           	line	31
  1118                           ;adc.c: 31: ADCS0 = 0;
  1119  0708  131F               	bcf	(254/8),(254)&7
  1120                           	line	34
  1121                           ;adc.c: 34: PCFG3 = 1;
  1122  0709  1683               	bsf	status, 5	;RP0=1, select bank1
  1123  070A  1303               	bcf	status, 6	;RP1=0, select bank1
  1124  070B  159F               	bsf	(1275/8)^080h,(1275)&7
  1125                           	line	35
  1126                           ;adc.c: 35: PCFG2 = 1;
  1127  070C  151F               	bsf	(1274/8)^080h,(1274)&7
  1128                           	line	36
  1129                           ;adc.c: 36: PCFG1 = 1;
  1130  070D  149F               	bsf	(1273/8)^080h,(1273)&7
  1131                           	line	37
  1132                           ;adc.c: 37: PCFG0 = 0;
  1133  070E  101F               	bcf	(1272/8)^080h,(1272)&7
  1134                           	line	40
  1135                           ;adc.c: 40: ADFM = 1;
  1136  070F  179F               	bsf	(1279/8)^080h,(1279)&7
  1137                           	line	43
  1138                           ;adc.c: 43: ADON = 0;
  1139  0710  1283               	bcf	status, 5	;RP0=0, select bank0
  1140  0711  1303               	bcf	status, 6	;RP1=0, select bank0
  1141  0712  101F               	bcf	(248/8),(248)&7
  1142                           	line	44
  1143                           	
  1144  0713                     l687:	
  1145  0713  0008               	return
  1146                           	opt stack 0
  1147                           GLOBAL	__end_of_adc_initialize
  1148  0714                     	__end_of_adc_initialize:
  1149 ;; =============== function _adc_initialize ends ============
  1150                           
  1151                           	signat	_adc_initialize,88
  1152                           psect	text133,local,class=CODE,delta=2
  1153                           global __ptext133
  1154  0000                     __ptext133:
  1155                           	global	btemp
  1156  007E                     	btemp set 07Eh
  1157                           
  1158                           	DABS	1,126,2	;btemp
  1159                           	global	wtemp0
  1160  007E                     	wtemp0 set btemp


HI-TECH Software PICC Macro Assembler V9.83 build 10920 
Symbol Table                                                                                   Sat Apr 20 17:32:49 2013

        ui_adc_read@temp 0074                       _RD 0C60                       _WR 0C61  
                    l690 06FD                      l687 0713                      l696 0779  
                    l697 0779                      l698 077E                      l699 0798  
                    _GIE 005F                      _RC2 003A                      _RE2 004A  
                   l1400 07ED                     l1401 07FA                     l1410 0716  
                   l1402 07FB                     l1411 0725                     l1403 07FC  
                   l1412 0725                     l1404 07FC                     l1421 075C  
                   l1405 07FD                     l1422 0743                     l1406 07FD  
                   l1415 072F                     l1423 0765                     l1416 0727  
                   l1424 0765                     l1409 071C                     l1417 0740  
                   l1418 0740                     l3401 07DF                     l3403 07E6  
                   l3341 076C                     l3405 07ED                     l1398 07BC  
                   l2471 0702                     l3351 0791                     l3343 076D  
                   l3335 0766                     l1399 07E6                     l2473 06FA  
                   l3353 0798                     l3345 0775                     l3337 0768  
                   l3361 0726                     l3347 077E                     l3339 076B  
                   l3355 0715                     l3363 0727                     l3371 075C  
                   l3349 0788                     l3357 0716                     l3365 0742  
                   l3381 07A7                     l3373 0799                     l3359 071C  
                   l3367 0746                     l3391 07B6                     l3383 07A9  
                   l3375 079A                     l3369 074F                     l3393 07BC  
                   l3385 07AA                     l3377 07A1                     l3395 07D0  
                   l3387 07AB                     l3379 07A5                     l3397 07D3  
                   l3389 07B0                     l3399 07D9                     _ADFM 04FF  
                   _ADON 00F8                     _CHS0 00FB                     _CHS1 00FC  
                   _CHS2 00FD                     u2220 077D                     u2221 077C  
                   u2230 0724                     u2231 0723                     u2240 073F  
                   u2241 073E                     u2250 0764                     u2307 0771  
                   u2251 0763                     u2245 073B                     u2270 07DF  
                   u2271 07DE                     u2265 07C6                     u2287 072B  
                   u2297 0718                     _WREN 0C62                     _beep 0741  
                   _main 0799                     btemp 007E                     start 0000  
                  ?_beep 0070                    _ADCS0 00FE                    _ADCS1 00FF  
                  _ADCS2 04FE                    ?_main 0070                    _EEADR 010D  
                  _CARRY 0018                    _PCFG0 04F8                    _PCFG1 04F9  
                  _PCFG2 04FA                    _PCFG3 04FB                    _PORTA 0005  
                  _PORTB 0006                    _PORTC 0007                    _PORTD 0008  
                  _PORTE 0009                    _TRISA 0085                    _TRISB 0086  
                  _TRISC 0087                    _TRISD 0088                    _TRISE 0089  
                  status 0003                    wtemp0 007E             __end_of_beep 0766  
           __end_of_main 0800                   ??_beep 0074                   ??_main 0076  
           ?_ui_adc_read 0070                   _ADRESH 001E                   _ADRESL 009E  
                 _EEDATA 010C                   _EECON1 018C                   _EECON2 018D  
       __end_of_delay_ms 0741                   _adc_on 06FA  __size_of_adc_initialize 0012  
         __pcstackCOMMON 0070               _delay_10us 0714               __pmaintext 0799  
                ?_adc_on 0070                  _GO_DONE 00FA                ?_delay_ms 0070  
   __size_of_ui_adc_read 0033         delay_ms@ui_value 0070           _adc_initialize 0702  
        __size_of_adc_on 0004               ??_delay_ms 0072             beep@uc_count 0074  
   end_of_initialization 06FE              ?_delay_10us 0070   __end_of_adc_initialize 0714  
        ?_adc_initialize 0070           __end_of_adc_on 06FE      __size_of_delay_10us 0012  
    start_initialization 06FE                 ??_adc_on 0070        __size_of_delay_ms 001B  
              __ptext130 0766                __ptext131 06FA                __ptext132 0702  
              __ptext133 0000                __ptext126 0000                __ptext127 0741  
              __ptext128 0726                __ptext129 0714            ??_ui_adc_read 0072  
           ??_delay_10us 0070                main@angle 0079       __end_of_delay_10us 0726  
       ??_adc_initialize 0070      __end_of_ui_adc_read 0799                 _delay_ms 0726  
          __size_of_beep 0025            __size_of_main 0067              _ui_adc_read 0766  
     delay_10us@uc_value 0071  
