

HI-TECH Software PIC LITE Macro Assembler V9.83 build 10920 
                                                                                               Sat Apr 20 17:02:34 2013

HI-TECH Software Omniscient Code Generator (Lite mode) build 10920
     1  0000                     opt subtitle "HI-TECH Software Omniscient Code Generator (Lite mode) build 10920"
     2                           
     3                           opt pagewidth 120
     4                           
     5                           	opt lm
     6                           
     7                           	processor	16F877A
     8                           clrc	macro
     9                           	bcf	3,0
    10  0000                     	endm
    11                           clrz	macro
    12                           	bcf	3,2
    13  0000                     	endm
    14                           setc	macro
    15                           	bsf	3,0
    16  0000                     	endm
    17                           setz	macro
    18                           	bsf	3,2
    19  0000                     	endm
    20                           skipc	macro
    21                           	btfss	3,0
    22  0000                     	endm
    23                           skipz	macro
    24                           	btfss	3,2
    25  0000                     	endm
    26                           skipnc	macro
    27                           	btfsc	3,0
    28  0000                     	endm
    29                           skipnz	macro
    30                           	btfsc	3,2
    31  0000                     	endm
    32  0000                     indf	equ	0
    33  0000                     indf0	equ	0
    34  0002                     pc	equ	2
    35  0002                     pcl	equ	2
    36  0003                     status	equ	3
    37  0004                     fsr	equ	4
    38  0004                     fsr0	equ	4
    39  0001                     c	equ	1
    40  0000                     z	equ	0
    41  000A                     pclath	equ	10
    42                           # 31 "E:\Cytron SVN\PTK40A (PIC Training Kit)\Source Code\Examples\Example 2\Main E_2.c"
    43                           	psect config,class=CONFIG,delta=2 ;#
    44                           # 31 "E:\Cytron SVN\PTK40A (PIC Training Kit)\Source Code\Examples\Example 2\Main E_2.c"
    45  2007  FF32               	dw 0xFFFE & 0xFFFB & 0xFFF7 & 0xFFBF & 0xFF7F ;#
    46                           	FNCALL	_main,_adc_initialize
    47                           	FNCALL	_main,_beep
    48                           	FNCALL	_beep,_delay_ms
    49                           	FNROOT	_main
    50                           	global	_ADRESH
    51                           psect	text100,local,class=CODE,delta=2
    52                           global __ptext100
    53  0000                     __ptext100:
    54  001E                     _ADRESH	set	30
    55                           	global	_PORTA
    56  0005                     _PORTA	set	5
    57                           	global	_PORTB
    58  0006                     _PORTB	set	6
    59                           	global	_PORTC
    60  0007                     _PORTC	set	7
    61                           	global	_PORTD
    62  0008                     _PORTD	set	8
    63                           	global	_PORTE
    64  0009                     _PORTE	set	9
    65                           	global	_ADCS0
    66  00FE                     _ADCS0	set	254
    67                           	global	_ADCS1
    68  00FF                     _ADCS1	set	255
    69                           	global	_ADON
    70  00F8                     _ADON	set	248
    71                           	global	_CARRY
    72  0018                     _CARRY	set	24
    73                           	global	_CHS0
    74  00FB                     _CHS0	set	251
    75                           	global	_CHS1
    76  00FC                     _CHS1	set	252
    77                           	global	_CHS2
    78  00FD                     _CHS2	set	253
    79                           	global	_GIE
    80  005F                     _GIE	set	95
    81                           	global	_GO_DONE
    82  00FA                     _GO_DONE	set	250
    83                           	global	_RB0
    84  0030                     _RB0	set	48
    85                           	global	_RB1
    86  0031                     _RB1	set	49
    87                           	global	_RC2
    88  003A                     _RC2	set	58
    89                           	global	_ADRESL
    90  009E                     _ADRESL	set	158
    91                           	global	_TRISA
    92  0085                     _TRISA	set	133
    93                           	global	_TRISB
    94  0086                     _TRISB	set	134
    95                           	global	_TRISC
    96  0087                     _TRISC	set	135
    97                           	global	_TRISD
    98  0088                     _TRISD	set	136
    99                           	global	_TRISE
   100  0089                     _TRISE	set	137
   101                           	global	_ADCS2
   102  04FE                     _ADCS2	set	1278
   103                           	global	_ADFM
   104  04FF                     _ADFM	set	1279
   105                           	global	_PCFG0
   106  04F8                     _PCFG0	set	1272
   107                           	global	_PCFG1
   108  04F9                     _PCFG1	set	1273
   109                           	global	_PCFG2
   110  04FA                     _PCFG2	set	1274
   111                           	global	_PCFG3
   112  04FB                     _PCFG3	set	1275
   113                           	global	_EEADR
   114  010D                     _EEADR	set	269
   115                           	global	_EEDATA
   116  010C                     _EEDATA	set	268
   117                           	global	_EECON1
   118  018C                     _EECON1	set	396
   119                           	global	_EECON2
   120  018D                     _EECON2	set	397
   121                           	global	_RD
   122  0C60                     _RD	set	3168
   123                           	global	_WR
   124  0C61                     _WR	set	3169
   125                           	global	_WREN
   126  0C62                     _WREN	set	3170
   127                           	file	"Example2.as"
   128                           	line	#
   129                           psect cinit,class=CODE,delta=2
   130                           global start_initialization
   131  0777                     start_initialization:
   132                           
   133                           psect cinit,class=CODE,delta=2
   134                           global end_of_initialization
   135                           
   136                           ;End of C runtime variable initialization code
   137                           
   138  0777                     end_of_initialization:
   139  0777  0183               clrf status
   140  0778  120A  118A  2FCD   ljmp _main	;jump to C main() function
   141                           psect	cstackCOMMON,class=COMMON,space=1
   142                           global __pcstackCOMMON
   143  0070                     __pcstackCOMMON:
   144                           	global	?_beep
   145  0070                     ?_beep:	; 0 bytes @ 0x0
   146                           	global	?_adc_initialize
   147  0070                     ?_adc_initialize:	; 0 bytes @ 0x0
   148                           	global	??_adc_initialize
   149  0070                     ??_adc_initialize:	; 0 bytes @ 0x0
   150                           	global	?_delay_ms
   151  0070                     ?_delay_ms:	; 0 bytes @ 0x0
   152                           	global	?_main
   153  0070                     ?_main:	; 2 bytes @ 0x0
   154                           	global	delay_ms@ui_value
   155  0070                     delay_ms@ui_value:	; 2 bytes @ 0x0
   156  0070                     	ds	2
   157                           	global	??_delay_ms
   158  0072                     ??_delay_ms:	; 0 bytes @ 0x2
   159  0072                     	ds	2
   160                           	global	??_beep
   161  0074                     ??_beep:	; 0 bytes @ 0x4
   162                           	global	beep@uc_count
   163  0074                     beep@uc_count:	; 1 bytes @ 0x4
   164  0074                     	ds	1
   165                           	global	??_main
   166  0075                     ??_main:	; 0 bytes @ 0x5
   167 ;;Data sizes: Strings 0, constant 0, data 0, bss 0, persistent 0 stack 0
   168 ;;Auto spaces:   Size  Autos    Used
   169 ;; COMMON          14      5       5
   170 ;; BANK0           80      0       0
   171 ;; BANK1           80      0       0
   172 ;; BANK3           96      0       0
   173 ;; BANK2           96      0       0
   174                           
   175 ;;
   176 ;; Pointer list with targets:
   177                           
   178                           
   179                           
   180 ;;
   181 ;; Critical Paths under _main in COMMON
   182 ;;
   183 ;;   _main->_beep
   184 ;;   _beep->_delay_ms
   185 ;;
   186 ;; Critical Paths under _main in BANK0
   187 ;;
   188 ;;   None.
   189 ;;
   190 ;; Critical Paths under _main in BANK1
   191 ;;
   192 ;;   None.
   193 ;;
   194 ;; Critical Paths under _main in BANK3
   195 ;;
   196 ;;   None.
   197 ;;
   198 ;; Critical Paths under _main in BANK2
   199 ;;
   200 ;;   None.
   201                           
   202 ;;
   203 ;;Main: autosize = 0, tempsize = 0, incstack = 0, save=0
   204 ;;
   205                           
   206 ;;
   207 ;;Call Graph Tables:
   208 ;;
   209 ;; ---------------------------------------------------------------------------------
   210 ;; (Depth) Function   	        Calls       Base Space   Used Autos Params    Refs
   211 ;; ---------------------------------------------------------------------------------
   212 ;; (0) _main                                                 0     0      0      30
   213 ;;                     _adc_initialize
   214 ;;                               _beep
   215 ;; ---------------------------------------------------------------------------------
   216 ;; (1) _beep                                                 1     1      0      30
   217 ;;                                              4 COMMON     1     1      0
   218 ;;                           _delay_ms
   219 ;; ---------------------------------------------------------------------------------
   220 ;; (2) _delay_ms                                             4     2      2      15
   221 ;;                                              0 COMMON     4     2      2
   222 ;; ---------------------------------------------------------------------------------
   223 ;; (1) _adc_initialize                                       0     0      0       0
   224 ;; ---------------------------------------------------------------------------------
   225 ;; Estimated maximum stack depth 2
   226 ;; ---------------------------------------------------------------------------------
   227                           
   228 ;; Call Graph Graphs:
   229                           
   230 ;; _main (ROOT)
   231 ;;   _adc_initialize
   232 ;;   _beep
   233 ;;     _delay_ms
   234 ;;
   235                           
   236 ;; Address spaces:
   237                           
   238 ;;Name               Size   Autos  Total    Cost      Usage
   239 ;;BITCOMMON            E      0       0       0        0.0%
   240 ;;EEDATA             100      0       0       0        0.0%
   241 ;;NULL                 0      0       0       0        0.0%
   242 ;;CODE                 0      0       0       0        0.0%
   243 ;;COMMON               E      5       5       1       35.7%
   244 ;;BITSFR0              0      0       0       1        0.0%
   245 ;;SFR0                 0      0       0       1        0.0%
   246 ;;BITSFR1              0      0       0       2        0.0%
   247 ;;SFR1                 0      0       0       2        0.0%
   248 ;;STACK                0      0       2       2        0.0%
   249 ;;ABS                  0      0       0       3        0.0%
   250 ;;BITBANK0            50      0       0       4        0.0%
   251 ;;BITSFR3              0      0       0       4        0.0%
   252 ;;SFR3                 0      0       0       4        0.0%
   253 ;;BANK0               50      0       0       5        0.0%
   254 ;;BITSFR2              0      0       0       5        0.0%
   255 ;;SFR2                 0      0       0       5        0.0%
   256 ;;BITBANK1            50      0       0       6        0.0%
   257 ;;BANK1               50      0       0       7        0.0%
   258 ;;BITBANK3            60      0       0       8        0.0%
   259 ;;BANK3               60      0       0       9        0.0%
   260 ;;BITBANK2            60      0       0      10        0.0%
   261 ;;BANK2               60      0       0      11        0.0%
   262 ;;DATA                 0      0       0      12        0.0%
   263                           
   264                           	global	_main
   265                           psect	maintext,global,class=CODE,delta=2
   266                           global __pmaintext
   267  07CD                     __pmaintext:
   268                           
   269 ;; *************** function _main *****************
   270 ;; Defined at:
   271 ;;		line 57 in file "E:\Cytron SVN\PTK40A (PIC Training Kit)\Source Code\Examples\Example 2\Main E_2.c"
   272 ;; Parameters:    Size  Location     Type
   273 ;;		None
   274 ;; Auto vars:     Size  Location     Type
   275 ;;		None
   276 ;; Return value:  Size  Location     Type
   277 ;;                  2  1389[COMMON] int 
   278 ;; Registers used:
   279 ;;		wreg, status,2, status,0, pclath, cstack
   280 ;; Tracked objects:
   281 ;;		On entry : 17F/0
   282 ;;		On exit  : 0/0
   283 ;;		Unchanged: 0/0
   284 ;; Data sizes:     COMMON   BANK0   BANK1   BANK3   BANK2
   285 ;;      Params:         0       0       0       0       0
   286 ;;      Locals:         0       0       0       0       0
   287 ;;      Temps:          0       0       0       0       0
   288 ;;      Totals:         0       0       0       0       0
   289 ;;Total ram usage:        0 bytes
   290 ;; Hardware stack levels required when called:    2
   291 ;; This function calls:
   292 ;;		_adc_initialize
   293 ;;		_beep
   294 ;; This function is called by:
   295 ;;		Startup code after reset
   296 ;; This function uses a non-reentrant model
   297 ;;
   298                           psect	maintext
   299                           	file	"E:\Cytron SVN\PTK40A (PIC Training Kit)\Source Code\Examples\Example 2\Main E_2.c
                                 "
   300                           	line	57
   301                           	global	__size_of_main
   302  0033                     	__size_of_main	equ	__end_of_main-_main
   303                           	
   304  07CD                     _main:	
   305                           	opt	stack 6
   306                           ; Regs used in _main: [wreg+status,2+status,0+pclath+cstack]
   307                           	line	59
   308                           	
   309  07CD                     l3352:	
   310                           ;Main E_2.c: 59: PORTA = 0;
   311  07CD  1283               	bcf	status, 5	;RP0=0, select bank0
   312  07CE  1303               	bcf	status, 6	;RP1=0, select bank0
   313  07CF  0185               	clrf	(5)	;volatile
   314                           	line	60
   315                           ;Main E_2.c: 60: PORTB = 0;
   316  07D0  0186               	clrf	(6)	;volatile
   317                           	line	61
   318                           ;Main E_2.c: 61: PORTC = 0;
   319  07D1  0187               	clrf	(7)	;volatile
   320                           	line	62
   321                           ;Main E_2.c: 62: PORTD = 0;
   322  07D2  0188               	clrf	(8)	;volatile
   323                           	line	63
   324                           ;Main E_2.c: 63: PORTE = 0;
   325  07D3  0189               	clrf	(9)	;volatile
   326                           	line	69
   327                           	
   328  07D4                     l3354:	
   329                           ;Main E_2.c: 69: TRISA = 0b00010001;
   330  07D4  3011               	movlw	(011h)
   331  07D5  1683               	bsf	status, 5	;RP0=1, select bank1
   332  07D6  1303               	bcf	status, 6	;RP1=0, select bank1
   333  07D7  0085               	movwf	(133)^080h	;volatile
   334                           	line	70
   335                           	
   336  07D8                     l3356:	
   337                           ;Main E_2.c: 70: TRISB = 0b00001111;
   338  07D8  300F               	movlw	(0Fh)
   339  07D9  0086               	movwf	(134)^080h	;volatile
   340                           	line	71
   341                           	
   342  07DA                     l3358:	
   343                           ;Main E_2.c: 71: TRISC = 0b10010011;
   344  07DA  3093               	movlw	(093h)
   345  07DB  0087               	movwf	(135)^080h	;volatile
   346                           	line	72
   347                           	
   348  07DC                     l3360:	
   349                           ;Main E_2.c: 72: TRISD = 0;
   350  07DC  0188               	clrf	(136)^080h	;volatile
   351                           	line	73
   352                           	
   353  07DD                     l3362:	
   354                           ;Main E_2.c: 73: TRISE = 0;
   355  07DD  0189               	clrf	(137)^080h	;volatile
   356                           	line	76
   357                           	
   358  07DE                     l3364:	
   359                           ;Main E_2.c: 76: adc_initialize();
   360  07DE  120A  118A  277B   	fcall	_adc_initialize
              120A  118A         
   361                           	line	78
   362                           	
   363  07E3                     l3366:	
   364                           ;Main E_2.c: 78: beep(2);
   365  07E3  3002               	movlw	(02h)
   366  07E4  120A  118A  27A8   	fcall	_beep
              120A  118A         
   367  07E9  2FEA               	goto	l3368
   368                           	line	85
   369                           ;Main E_2.c: 85: while(1)
   370                           	
   371  07EA                     l1390:	
   372                           	line	87
   373                           	
   374  07EA                     l3368:	
   375                           ;Main E_2.c: 86: {
   376                           ;Main E_2.c: 87: if(RB0 == 0)
   377  07EA  1283               	bcf	status, 5	;RP0=0, select bank0
   378  07EB  1303               	bcf	status, 6	;RP1=0, select bank0
   379  07EC  1806               	btfsc	(48/8),(48)&7
   380  07ED  2FEF               	goto	u2251
   381  07EE  2FF0               	goto	u2250
   382  07EF                     u2251:
   383  07EF  2FF2               	goto	l1391
   384  07F0                     u2250:
   385                           	line	88
   386                           	
   387  07F0                     l3370:	
   388                           ;Main E_2.c: 88: RC2 = 1;
   389  07F0  1507               	bsf	(58/8),(58)&7
   390  07F1  2FEA               	goto	l3368
   391                           	line	90
   392                           	
   393  07F2                     l1391:	
   394                           ;Main E_2.c: 90: else if (RB1 == 0)
   395  07F2  1886               	btfsc	(49/8),(49)&7
   396  07F3  2FF5               	goto	u2261
   397  07F4  2FF6               	goto	u2260
   398  07F5                     u2261:
   399  07F5  2FEA               	goto	l3368
   400  07F6                     u2260:
   401                           	line	91
   402                           	
   403  07F6                     l3372:	
   404                           ;Main E_2.c: 91: RC2 = 0;
   405  07F6  1107               	bcf	(58/8),(58)&7
   406  07F7  2FEA               	goto	l3368
   407                           	
   408  07F8                     l1393:	
   409  07F8  2FEA               	goto	l3368
   410                           	line	92
   411                           	
   412  07F9                     l1392:	
   413  07F9  2FEA               	goto	l3368
   414                           	
   415  07FA                     l1394:	
   416                           	line	85
   417  07FA  2FEA               	goto	l3368
   418                           	
   419  07FB                     l1395:	
   420  07FB  2FFC               	goto	l1397
   421                           	line	94
   422                           ;Main E_2.c: 92: }
   423                           ;Main E_2.c: 94: while(1) continue;
   424                           	
   425  07FC                     l1396:	
   426                           	
   427  07FC                     l1397:	
   428  07FC  2FFC               	goto	l1397
   429                           	
   430  07FD                     l1398:	
   431                           	line	95
   432                           	
   433  07FD                     l1399:	
   434                           	global	start
   435  07FD  120A  118A  2800   	ljmp	start
   436                           	opt stack 0
   437                           GLOBAL	__end_of_main
   438  0800                     	__end_of_main:
   439 ;; =============== function _main ends ============
   440                           
   441                           	signat	_main,90
   442                           	global	_beep
   443                           psect	text101,local,class=CODE,delta=2
   444                           global __ptext101
   445  07A8                     __ptext101:
   446                           
   447 ;; *************** function _beep *****************
   448 ;; Defined at:
   449 ;;		line 131 in file "E:\Cytron SVN\PTK40A (PIC Training Kit)\Source Code\Examples\Example 2\Main E_2.c"
   450 ;; Parameters:    Size  Location     Type
   451 ;;  uc_count        1    wreg     unsigned char 
   452 ;; Auto vars:     Size  Location     Type
   453 ;;  uc_count        1    4[COMMON] unsigned char 
   454 ;; Return value:  Size  Location     Type
   455 ;;		None               void
   456 ;; Registers used:
   457 ;;		wreg, status,2, status,0, pclath, cstack
   458 ;; Tracked objects:
   459 ;;		On entry : 0/0
   460 ;;		On exit  : 0/0
   461 ;;		Unchanged: 0/0
   462 ;; Data sizes:     COMMON   BANK0   BANK1   BANK3   BANK2
   463 ;;      Params:         0       0       0       0       0
   464 ;;      Locals:         1       0       0       0       0
   465 ;;      Temps:          0       0       0       0       0
   466 ;;      Totals:         1       0       0       0       0
   467 ;;Total ram usage:        1 bytes
   468 ;; Hardware stack levels used:    1
   469 ;; Hardware stack levels required when called:    1
   470 ;; This function calls:
   471 ;;		_delay_ms
   472 ;; This function is called by:
   473 ;;		_main
   474 ;; This function uses a non-reentrant model
   475 ;;
   476                           psect	text101
   477                           	file	"E:\Cytron SVN\PTK40A (PIC Training Kit)\Source Code\Examples\Example 2\Main E_2.c
                                 "
   478                           	line	131
   479                           	global	__size_of_beep
   480  0025                     	__size_of_beep	equ	__end_of_beep-_beep
   481                           	
   482  07A8                     _beep:	
   483                           	opt	stack 6
   484                           ; Regs used in _beep: [wreg+status,2+status,0+pclath+cstack]
   485                           ;beep@uc_count stored from wreg
   486  07A8  00F4               	movwf	(beep@uc_count)
   487                           	line	132
   488                           	
   489  07A9                     l3344:	
   490                           ;Main E_2.c: 132: while (uc_count-- > 0) {
   491  07A9  2FC3               	goto	l3350
   492                           	
   493  07AA                     l1409:	
   494                           	line	133
   495                           ;Main E_2.c: 133: RC2 = 1;
   496  07AA  1283               	bcf	status, 5	;RP0=0, select bank0
   497  07AB  1303               	bcf	status, 6	;RP1=0, select bank0
   498  07AC  1507               	bsf	(58/8),(58)&7
   499                           	line	134
   500                           	
   501  07AD                     l3346:	
   502                           ;Main E_2.c: 134: delay_ms(80);
   503  07AD  3050               	movlw	low(050h)
   504  07AE  00F0               	movwf	(?_delay_ms)
   505  07AF  3000               	movlw	high(050h)
   506  07B0  00F1               	movwf	((?_delay_ms))+1
   507  07B1  120A  118A  278D   	fcall	_delay_ms
              120A  118A         
   508                           	line	135
   509                           	
   510  07B6                     l3348:	
   511                           ;Main E_2.c: 135: RC2 = 0;
   512  07B6  1283               	bcf	status, 5	;RP0=0, select bank0
   513  07B7  1303               	bcf	status, 6	;RP1=0, select bank0
   514  07B8  1107               	bcf	(58/8),(58)&7
   515                           	line	136
   516                           ;Main E_2.c: 136: delay_ms(100);
   517  07B9  3064               	movlw	low(064h)
   518  07BA  00F0               	movwf	(?_delay_ms)
   519  07BB  3000               	movlw	high(064h)
   520  07BC  00F1               	movwf	((?_delay_ms))+1
   521  07BD  120A  118A  278D   	fcall	_delay_ms
              120A  118A         
   522  07C2  2FC3               	goto	l3350
   523                           	line	137
   524                           	
   525  07C3                     l1408:	
   526                           	line	132
   527                           	
   528  07C3                     l3350:	
   529  07C3  3001               	movlw	low(01h)
   530  07C4  02F4               	subwf	(beep@uc_count),f
   531  07C5  0874               	movf	((beep@uc_count)),w
   532  07C6  3AFF               	xorlw	0FFh
   533  07C7  1D03               	skipz
   534  07C8  2FCA               	goto	u2241
   535  07C9  2FCB               	goto	u2240
   536  07CA                     u2241:
   537  07CA  2FAA               	goto	l1409
   538  07CB                     u2240:
   539  07CB  2FCC               	goto	l1411
   540                           	
   541  07CC                     l1410:	
   542                           	line	138
   543                           	
   544  07CC                     l1411:	
   545  07CC  0008               	return
   546                           	opt stack 0
   547                           GLOBAL	__end_of_beep
   548  07CD                     	__end_of_beep:
   549 ;; =============== function _beep ends ============
   550                           
   551                           	signat	_beep,4216
   552                           	global	_delay_ms
   553                           psect	text102,local,class=CODE,delta=2
   554                           global __ptext102
   555  078D                     __ptext102:
   556                           
   557 ;; *************** function _delay_ms *****************
   558 ;; Defined at:
   559 ;;		line 111 in file "E:\Cytron SVN\PTK40A (PIC Training Kit)\Source Code\Examples\Example 2\Main E_2.c"
   560 ;; Parameters:    Size  Location     Type
   561 ;;  ui_value        2    0[COMMON] unsigned int 
   562 ;; Auto vars:     Size  Location     Type
   563 ;;		None
   564 ;; Return value:  Size  Location     Type
   565 ;;		None               void
   566 ;; Registers used:
   567 ;;		wreg
   568 ;; Tracked objects:
   569 ;;		On entry : 0/0
   570 ;;		On exit  : 0/0
   571 ;;		Unchanged: 0/0
   572 ;; Data sizes:     COMMON   BANK0   BANK1   BANK3   BANK2
   573 ;;      Params:         2       0       0       0       0
   574 ;;      Locals:         0       0       0       0       0
   575 ;;      Temps:          2       0       0       0       0
   576 ;;      Totals:         4       0       0       0       0
   577 ;;Total ram usage:        4 bytes
   578 ;; Hardware stack levels used:    1
   579 ;; This function calls:
   580 ;;		Nothing
   581 ;; This function is called by:
   582 ;;		_beep
   583 ;; This function uses a non-reentrant model
   584 ;;
   585                           psect	text102
   586                           	file	"E:\Cytron SVN\PTK40A (PIC Training Kit)\Source Code\Examples\Example 2\Main E_2.c
                                 "
   587                           	line	111
   588                           	global	__size_of_delay_ms
   589  001B                     	__size_of_delay_ms	equ	__end_of_delay_ms-_delay_ms
   590                           	
   591  078D                     _delay_ms:	
   592                           	opt	stack 6
   593                           ; Regs used in _delay_ms: [wreg]
   594                           	line	112
   595                           	
   596  078D                     l3340:	
   597                           ;Main E_2.c: 112: while (ui_value-- > 0) {
   598  078D  2F96               	goto	l1402
   599                           	
   600  078E                     l1403:	
   601                           	line	113
   602                           	
   603  078E                     l3342:	
   604                           ;Main E_2.c: 113: _delay((unsigned long)((1)*(20000000/4000.0)));
   605                           	opt asmopt_off
   606  078E  3007               movlw	7
   607  078F  00F3               movwf	((??_delay_ms+0)+0+1),f
   608  0790  307D               	movlw	125
   609  0791  00F2               movwf	((??_delay_ms+0)+0),f
   610  0792                     u2277:
   611  0792  0BF2               	decfsz	((??_delay_ms+0)+0),f
   612  0793  2F92               	goto	u2277
   613  0794  0BF3               	decfsz	((??_delay_ms+0)+0+1),f
   614  0795  2F92               	goto	u2277
   615                           opt asmopt_on
   616                           
   617                           	line	114
   618                           	
   619  0796                     l1402:	
   620                           	line	112
   621  0796  3001               	movlw	low(01h)
   622  0797  02F0               	subwf	(delay_ms@ui_value),f
   623  0798  3000               	movlw	high(01h)
   624  0799  1C03               	skipc
   625  079A  03F1               	decf	(delay_ms@ui_value+1),f
   626  079B  02F1               	subwf	(delay_ms@ui_value+1),f
   627  079C  30FF               	movlw	high(0FFFFh)
   628  079D  0671               	xorwf	((delay_ms@ui_value+1)),w
   629  079E  1D03               	skipz
   630  079F  2FA2               	goto	u2235
   631  07A0  30FF               	movlw	low(0FFFFh)
   632  07A1  0670               	xorwf	((delay_ms@ui_value)),w
   633  07A2                     u2235:
   634                           
   635  07A2  1D03               	skipz
   636  07A3  2FA5               	goto	u2231
   637  07A4  2FA6               	goto	u2230
   638  07A5                     u2231:
   639  07A5  2F8E               	goto	l3342
   640  07A6                     u2230:
   641  07A6  2FA7               	goto	l1405
   642                           	
   643  07A7                     l1404:	
   644                           	line	115
   645                           	
   646  07A7                     l1405:	
   647  07A7  0008               	return
   648                           	opt stack 0
   649                           GLOBAL	__end_of_delay_ms
   650  07A8                     	__end_of_delay_ms:
   651 ;; =============== function _delay_ms ends ============
   652                           
   653                           	signat	_delay_ms,4216
   654                           	global	_adc_initialize
   655                           psect	text103,local,class=CODE,delta=2
   656                           global __ptext103
   657  077B                     __ptext103:
   658                           
   659 ;; *************** function _adc_initialize *****************
   660 ;; Defined at:
   661 ;;		line 27 in file "E:\Cytron SVN\PTK40A (PIC Training Kit)\Source Code\Examples\Example 2\adc.c"
   662 ;; Parameters:    Size  Location     Type
   663 ;;		None
   664 ;; Auto vars:     Size  Location     Type
   665 ;;		None
   666 ;; Return value:  Size  Location     Type
   667 ;;		None               void
   668 ;; Registers used:
   669 ;;		None
   670 ;; Tracked objects:
   671 ;;		On entry : 0/0
   672 ;;		On exit  : 0/0
   673 ;;		Unchanged: 0/0
   674 ;; Data sizes:     COMMON   BANK0   BANK1   BANK3   BANK2
   675 ;;      Params:         0       0       0       0       0
   676 ;;      Locals:         0       0       0       0       0
   677 ;;      Temps:          0       0       0       0       0
   678 ;;      Totals:         0       0       0       0       0
   679 ;;Total ram usage:        0 bytes
   680 ;; Hardware stack levels used:    1
   681 ;; This function calls:
   682 ;;		Nothing
   683 ;; This function is called by:
   684 ;;		_main
   685 ;; This function uses a non-reentrant model
   686 ;;
   687                           psect	text103
   688                           	file	"E:\Cytron SVN\PTK40A (PIC Training Kit)\Source Code\Examples\Example 2\adc.c"
   689                           	line	27
   690                           	global	__size_of_adc_initialize
   691  0012                     	__size_of_adc_initialize	equ	__end_of_adc_initialize-_adc_initialize
   692                           	
   693  077B                     _adc_initialize:	
   694                           	opt	stack 7
   695                           ; Regs used in _adc_initialize: []
   696                           	line	29
   697                           	
   698  077B                     l2458:	
   699                           ;adc.c: 29: ADCS2 = 1;
   700  077B  1683               	bsf	status, 5	;RP0=1, select bank1
   701  077C  1303               	bcf	status, 6	;RP1=0, select bank1
   702  077D  171F               	bsf	(1278/8)^080h,(1278)&7
   703                           	line	30
   704                           ;adc.c: 30: ADCS1 = 1;
   705  077E  1283               	bcf	status, 5	;RP0=0, select bank0
   706  077F  1303               	bcf	status, 6	;RP1=0, select bank0
   707  0780  179F               	bsf	(255/8),(255)&7
   708                           	line	31
   709                           ;adc.c: 31: ADCS0 = 0;
   710  0781  131F               	bcf	(254/8),(254)&7
   711                           	line	34
   712                           ;adc.c: 34: PCFG3 = 1;
   713  0782  1683               	bsf	status, 5	;RP0=1, select bank1
   714  0783  1303               	bcf	status, 6	;RP1=0, select bank1
   715  0784  159F               	bsf	(1275/8)^080h,(1275)&7
   716                           	line	35
   717                           ;adc.c: 35: PCFG2 = 1;
   718  0785  151F               	bsf	(1274/8)^080h,(1274)&7
   719                           	line	36
   720                           ;adc.c: 36: PCFG1 = 1;
   721  0786  149F               	bsf	(1273/8)^080h,(1273)&7
   722                           	line	37
   723                           ;adc.c: 37: PCFG0 = 0;
   724  0787  101F               	bcf	(1272/8)^080h,(1272)&7
   725                           	line	40
   726                           ;adc.c: 40: ADFM = 1;
   727  0788  179F               	bsf	(1279/8)^080h,(1279)&7
   728                           	line	43
   729                           ;adc.c: 43: ADON = 0;
   730  0789  1283               	bcf	status, 5	;RP0=0, select bank0
   731  078A  1303               	bcf	status, 6	;RP1=0, select bank0
   732  078B  101F               	bcf	(248/8),(248)&7
   733                           	line	44
   734                           	
   735  078C                     l687:	
   736  078C  0008               	return
   737                           	opt stack 0
   738                           GLOBAL	__end_of_adc_initialize
   739  078D                     	__end_of_adc_initialize:
   740 ;; =============== function _adc_initialize ends ============
   741                           
   742                           	signat	_adc_initialize,88
   743                           psect	text104,local,class=CODE,delta=2
   744                           global __ptext104
   745  0000                     __ptext104:
   746                           	global	btemp
   747  007E                     	btemp set 07Eh
   748                           
   749                           	DABS	1,126,2	;btemp
   750                           	global	wtemp0
   751  007E                     	wtemp0 set btemp


HI-TECH Software PICC Macro Assembler V9.83 build 10920 
Symbol Table                                                                                   Sat Apr 20 17:02:34 2013

                     _RD 0C60                       _WR 0C61                      l687 078C  
                    _GIE 005F                      _RB0 0030                      _RB1 0031  
                    _RC2 003A                     l1402 0796                     l1410 07CC  
                   l1403 078E                     l1411 07CC                     l1404 07A7  
                   l1405 07A7                     l1408 07C3                     l1409 07AA  
                   l1390 07EA                     l1391 07F2                     l1392 07F9  
                   l1393 07F8                     l1394 07FA                     l1395 07FB  
                   l3340 078D                     l1396 07FC                     l1397 07FC  
                   l3342 078E                     l3350 07C3                     l1398 07FD  
                   l1399 07FD                     l3344 07A9                     l3360 07DC  
                   l3352 07CD                     l2458 077B                     l3346 07AD  
                   l3370 07F0                     l3362 07DD                     l3354 07D4  
                   l3348 07B6                     l3372 07F6                     l3364 07DE  
                   l3356 07D8                     l3366 07E3                     l3358 07DA  
                   l3368 07EA                     _ADFM 04FF                     _ADON 00F8  
                   _CHS0 00FB                     _CHS1 00FC                     _CHS2 00FD  
                   u2230 07A6                     u2231 07A5                     u2240 07CB  
                   u2241 07CA                     u2250 07F0                     u2235 07A2  
                   u2251 07EF                     u2260 07F6                     u2261 07F5  
                   u2277 0792                     _WREN 0C62                     _beep 07A8  
                   _main 07CD                     btemp 007E                     start 0000  
                  ?_beep 0070                    _ADCS0 00FE                    _ADCS1 00FF  
                  _ADCS2 04FE                    ?_main 0070                    _EEADR 010D  
                  _CARRY 0018                    _PCFG0 04F8                    _PCFG1 04F9  
                  _PCFG2 04FA                    _PCFG3 04FB                    _PORTA 0005  
                  _PORTB 0006                    _PORTC 0007                    _PORTD 0008  
                  _PORTE 0009                    _TRISA 0085                    _TRISB 0086  
                  _TRISC 0087                    _TRISD 0088                    _TRISE 0089  
                  status 0003                    wtemp0 007E             __end_of_beep 07CD  
           __end_of_main 0800                   ??_beep 0074                   ??_main 0075  
                 _ADRESH 001E                   _ADRESL 009E                   _EEDATA 010C  
                 _EECON1 018C                   _EECON2 018D         __end_of_delay_ms 07A8  
__size_of_adc_initialize 0012           __pcstackCOMMON 0070               __pmaintext 07CD  
                _GO_DONE 00FA                ?_delay_ms 0070         delay_ms@ui_value 0070  
         _adc_initialize 077B               ??_delay_ms 0072             beep@uc_count 0074  
   end_of_initialization 0777   __end_of_adc_initialize 078D          ?_adc_initialize 0070  
    start_initialization 0777        __size_of_delay_ms 001B                __ptext100 0000  
              __ptext101 07A8                __ptext102 078D                __ptext103 077B  
              __ptext104 0000         ??_adc_initialize 0070                 _delay_ms 078D  
          __size_of_beep 0025            __size_of_main 0033  
